d:\fib\q7\vj\ninjagear\ninjagear\debug\vc143.pdb
d:\fib\q7\vj\ninjagear\ninjagear\debug\vc143.idb
d:\fib\q7\vj\ninjagear\ninjagear\debug\tilemap.obj
d:\fib\q7\vj\ninjagear\ninjagear\debug\texture.obj
d:\fib\q7\vj\ninjagear\ninjagear\debug\sprite.obj
d:\fib\q7\vj\ninjagear\ninjagear\debug\shaderprogram.obj
d:\fib\q7\vj\ninjagear\ninjagear\debug\shader.obj
d:\fib\q7\vj\ninjagear\ninjagear\debug\scene.obj
d:\fib\q7\vj\ninjagear\ninjagear\debug\player.obj
d:\fib\q7\vj\ninjagear\ninjagear\debug\main.obj
d:\fib\q7\vj\ninjagear\ninjagear\debug\game.obj
d:\fib\q7\vj\ninjagear\debug\ninjagear.exe
d:\fib\q7\vj\ninjagear\debug\ninjagear.pdb
d:\fib\q7\vj\ninjagear\ninjagear\debug\ninjagear.ilk
d:\fib\q7\vj\ninjagear\ninjagear\debug\02-bubble.ilk
d:\fib\q7\vj\ninjagear\ninjagear\debug\ninjagear.tlog\cl.command.1.tlog
d:\fib\q7\vj\ninjagear\ninjagear\debug\ninjagear.tlog\cl.items.tlog
d:\fib\q7\vj\ninjagear\ninjagear\debug\ninjagear.tlog\cl.read.1.tlog
d:\fib\q7\vj\ninjagear\ninjagear\debug\ninjagear.tlog\cl.write.1.tlog
d:\fib\q7\vj\ninjagear\ninjagear\debug\ninjagear.tlog\link.command.1.tlog
d:\fib\q7\vj\ninjagear\ninjagear\debug\ninjagear.tlog\link.read.1.tlog
d:\fib\q7\vj\ninjagear\ninjagear\debug\ninjagear.tlog\link.secondary.1.tlog
d:\fib\q7\vj\ninjagear\ninjagear\debug\ninjagear.tlog\link.write.1.tlog
